# JRE version: Java(TM) SE Runtime Environment (8.0_92-b14) (build 1.8.0_92-b14)
# Java VM: Java HotSpot(TM) 64-Bit Server VM (25.92-b14 mixed mode linux-amd64 compressed oops)
Heap:
 PSYoungGen      total 112128K, used 30180K [0x0000000742b00000, 0x000000074a800000, 0x00000007c0000000)
  eden space 96256K, 31% used [0x0000000742b00000,0x0000000744879338,0x0000000748900000)
  from space 15872K, 0% used [0x0000000748900000,0x0000000748900000,0x0000000749880000)
  to   space 15872K, 0% used [0x0000000749880000,0x0000000749880000,0x000000074a800000)
 ParOldGen       total 113152K, used 15997K [0x0000000648000000, 0x000000064ee80000, 0x0000000742b00000)
  object space 113152K, 14% used [0x0000000648000000,0x0000000648f9f618,0x000000064ee80000)
 Metaspace       used 20905K, capacity 21204K, committed 21552K, reserved 1069056K
  class space    used 2481K, capacity 2580K, committed 2688K, reserved 1048576K
GC Heap History (4 events):
Event: 78.125 GC heap before
{Heap before GC invocations=1 (full 0):
 PSYoungGen      total 112128K, used 95500K [0x0000000742b00000, 0x000000074a800000, 0x00000007c0000000)
  eden space 96256K, 99% used [0x0000000742b00000,0x0000000748843358,0x0000000748900000)
  from space 15872K, 0% used [0x0000000749880000,0x0000000749880000,0x000000074a800000)
  to   space 15872K, 0% used [0x0000000748900000,0x0000000748900000,0x0000000749880000)
 ParOldGen       total 257024K, used 0K [0x0000000648000000, 0x0000000657b00000, 0x0000000742b00000)
  object space 257024K, 0% used [0x0000000648000000,0x0000000648000000,0x0000000657b00000)
 Metaspace       used 20758K, capacity 21006K, committed 21296K, reserved 1069056K
  class space    used 2480K, capacity 2579K, committed 2688K, reserved 1048576K
Event: 78.154 GC heap after
Heap after GC invocations=1 (full 0):
 PSYoungGen      total 112128K, used 15858K [0x0000000742b00000, 0x000000074a800000, 0x00000007c0000000)
  eden space 96256K, 0% used [0x0000000742b00000,0x0000000742b00000,0x0000000748900000)
  from space 15872K, 99% used [0x0000000748900000,0x000000074987ca08,0x0000000749880000)
  to   space 15872K, 0% used [0x0000000749880000,0x0000000749880000,0x000000074a800000)
 ParOldGen       total 257024K, used 440K [0x0000000648000000, 0x0000000657b00000, 0x0000000742b00000)
  object space 257024K, 0% used [0x0000000648000000,0x000000064806e000,0x0000000657b00000)
 Metaspace       used 20758K, capacity 21006K, committed 21296K, reserved 1069056K
  class space    used 2480K, capacity 2579K, committed 2688K, reserved 1048576K
}
Event: 78.154 GC heap before
{Heap before GC invocations=2 (full 1):
 PSYoungGen      total 112128K, used 15858K [0x0000000742b00000, 0x000000074a800000, 0x00000007c0000000)
  eden space 96256K, 0% used [0x0000000742b00000,0x0000000742b00000,0x0000000748900000)
  from space 15872K, 99% used [0x0000000748900000,0x000000074987ca08,0x0000000749880000)
  to   space 15872K, 0% used [0x0000000749880000,0x0000000749880000,0x000000074a800000)
 ParOldGen       total 257024K, used 440K [0x0000000648000000, 0x0000000657b00000, 0x0000000742b00000)
  object space 257024K, 0% used [0x0000000648000000,0x000000064806e000,0x0000000657b00000)
 Metaspace       used 20758K, capacity 21006K, committed 21296K, reserved 1069056K
  class space    used 2480K, capacity 2579K, committed 2688K, reserved 1048576K
Event: 78.206 GC heap after
Heap after GC invocations=2 (full 1):
 PSYoungGen      total 112128K, used 0K [0x0000000742b00000, 0x000000074a800000, 0x00000007c0000000)
  eden space 96256K, 0% used [0x0000000742b00000,0x0000000742b00000,0x0000000748900000)
  from space 15872K, 0% used [0x0000000748900000,0x0000000748900000,0x0000000749880000)
  to   space 15872K, 0% used [0x0000000749880000,0x0000000749880000,0x000000074a800000)
 ParOldGen       total 113152K, used 15997K [0x0000000648000000, 0x000000064ee80000, 0x0000000742b00000)
  object space 113152K, 14% used [0x0000000648000000,0x0000000648f9f618,0x000000064ee80000)
 Metaspace       used 20758K, capacity 21006K, committed 21296K, reserved 1069056K
  class space    used 2480K, capacity 2579K, committed 2688K, reserved 1048576K
}

